\BOOKMARK [0][-]{chapter*.1}{\376\377\000D\000\351\000d\000i\000c\000a\000c\000e}{}% 1
\BOOKMARK [0][-]{chapter*.2}{\376\377\000R\000e\000m\000e\000r\000c\000i\000e\000m\000e\000n\000t\000s}{}% 2
\BOOKMARK [0][-]{chapter*.3}{\376\377\000R\000\351\000s\000u\000m\000\351}{}% 3
\BOOKMARK [0][-]{chapter*.4}{\376\377\000A\000b\000s\000t\000r\000a\000c\000t}{}% 4
\BOOKMARK [0][-]{chapter*.7}{\376\377\000I\000n\000t\000r\000o\000d\000u\000c\000t\000i\000o\000n}{}% 5
\BOOKMARK [0][-]{chapter*.8}{\376\377\000C\000h\000a\000p\000i\000t\000r\000e\000\040\0001\000\040\000:\000\040\000C\000a\000h\000i\000e\000r\000\040\000d\000e\000\040\000c\000h\000a\000r\000g\000e\000s}{}% 6
\BOOKMARK [1][-]{section.0.1}{\376\377\000C\000o\000n\000t\000e\000x\000t\000e\000\040\000e\000t\000\040\000o\000b\000j\000e\000c\000t\000i\000f\000s\000\040\000d\000u\000\040\000p\000r\000o\000j\000e\000t}{chapter*.8}% 7
\BOOKMARK [2][-]{subsection.0.1.1}{\376\377\000C\000o\000n\000t\000e\000x\000t\000e\000\040\000g\000\351\000n\000\351\000r\000a\000l}{section.0.1}% 8
\BOOKMARK [2][-]{subsection.0.1.2}{\376\377\000O\000b\000j\000e\000c\000t\000i\000f\000s\000\040\000d\000u\000\040\000p\000r\000o\000j\000e\000t\000\040\000P\000F\000E\000-\000G\000e\000s\000t\000i\000o\000n\000-\000S\000c\000o\000l\000a\000i\000r\000e}{section.0.1}% 9
\BOOKMARK [2][-]{subsection.0.1.3}{\376\377\000O\000b\000j\000e\000c\000t\000i\000f\000s\000\040\000d\000u\000\040\000p\000r\000o\000j\000e\000t\000\040\000A\000I\000-\000P\000r\000o\000f\000i\000l\000e\000s\000-\000C\000r\000e\000a\000t\000i\000o\000n}{section.0.1}% 10
\BOOKMARK [1][-]{section.0.2}{\376\377\000A\000n\000a\000l\000y\000s\000e\000\040\000d\000e\000s\000\040\000b\000e\000s\000o\000i\000n\000s}{chapter*.8}% 11
\BOOKMARK [2][-]{subsection.0.2.1}{\376\377\000I\000d\000e\000n\000t\000i\000f\000i\000c\000a\000t\000i\000o\000n\000\040\000d\000e\000s\000\040\000p\000a\000r\000t\000i\000e\000s\000\040\000p\000r\000e\000n\000a\000n\000t\000e\000s}{section.0.2}% 12
\BOOKMARK [2][-]{subsection.0.2.2}{\376\377\000B\000e\000s\000o\000i\000n\000s\000\040\000f\000o\000n\000c\000t\000i\000o\000n\000n\000e\000l\000s\000\040\000d\000u\000\040\000s\000y\000s\000t\000\350\000m\000e\000\040\000d\000e\000\040\000g\000e\000s\000t\000i\000o\000n\000\040\000s\000c\000o\000l\000a\000i\000r\000e}{section.0.2}% 13
\BOOKMARK [2][-]{subsection.0.2.3}{\376\377\000B\000e\000s\000o\000i\000n\000s\000\040\000f\000o\000n\000c\000t\000i\000o\000n\000n\000e\000l\000s\000\040\000d\000u\000\040\000s\000y\000s\000t\000\350\000m\000e\000\040\000d\000e\000\040\000c\000r\000\351\000a\000t\000i\000o\000n\000\040\000d\000e\000\040\000p\000r\000o\000f\000i\000l\000s\000\040\000I\000A}{section.0.2}% 14
\BOOKMARK [2][-]{subsection.0.2.4}{\376\377\000B\000e\000s\000o\000i\000n\000s\000\040\000n\000o\000n\000\040\000f\000o\000n\000c\000t\000i\000o\000n\000n\000e\000l\000s}{section.0.2}% 15
\BOOKMARK [1][-]{section.0.3}{\376\377\000C\000o\000n\000t\000r\000a\000i\000n\000t\000e\000s\000\040\000t\000e\000c\000h\000n\000i\000q\000u\000e\000s\000\040\000e\000t\000\040\000o\000r\000g\000a\000n\000i\000s\000a\000t\000i\000o\000n\000n\000e\000l\000l\000e\000s}{chapter*.8}% 16
\BOOKMARK [2][-]{subsection.0.3.1}{\376\377\000C\000o\000n\000t\000r\000a\000i\000n\000t\000e\000s\000\040\000t\000e\000c\000h\000n\000i\000q\000u\000e\000s}{section.0.3}% 17
\BOOKMARK [2][-]{subsection.0.3.2}{\376\377\000C\000o\000n\000t\000r\000a\000i\000n\000t\000e\000s\000\040\000o\000r\000g\000a\000n\000i\000s\000a\000t\000i\000o\000n\000n\000e\000l\000l\000e\000s}{section.0.3}% 18
\BOOKMARK [1][-]{section.0.4}{\376\377\000S\000p\000\351\000c\000i\000f\000i\000c\000a\000t\000i\000o\000n\000s\000\040\000d\000\351\000t\000a\000i\000l\000l\000\351\000e\000s}{chapter*.8}% 19
\BOOKMARK [2][-]{subsection.0.4.1}{\376\377\000S\000p\000\351\000c\000i\000f\000i\000c\000a\000t\000i\000o\000n\000s\000\040\000d\000u\000\040\000s\000y\000s\000t\000\350\000m\000e\000\040\000d\000e\000\040\000g\000e\000s\000t\000i\000o\000n\000\040\000s\000c\000o\000l\000a\000i\000r\000e}{section.0.4}% 20
\BOOKMARK [2][-]{subsection.0.4.2}{\376\377\000S\000p\000\351\000c\000i\000f\000i\000c\000a\000t\000i\000o\000n\000s\000\040\000d\000u\000\040\000s\000y\000s\000t\000\350\000m\000e\000\040\000d\000e\000\040\000c\000r\000\351\000a\000t\000i\000o\000n\000\040\000d\000e\000\040\000p\000r\000o\000f\000i\000l\000s\000\040\000I\000A}{section.0.4}% 21
\BOOKMARK [1][-]{section.0.5}{\376\377\000L\000i\000v\000r\000a\000b\000l\000e\000s\000\040\000a\000t\000t\000e\000n\000d\000u\000s}{chapter*.8}% 22
\BOOKMARK [2][-]{subsection.0.5.1}{\376\377\000S\000y\000s\000t\000\350\000m\000e\000\040\000d\000e\000\040\000g\000e\000s\000t\000i\000o\000n\000\040\000s\000c\000o\000l\000a\000i\000r\000e}{section.0.5}% 23
\BOOKMARK [2][-]{subsection.0.5.2}{\376\377\000S\000y\000s\000t\000\350\000m\000e\000\040\000d\000e\000\040\000c\000r\000\351\000a\000t\000i\000o\000n\000\040\000d\000e\000\040\000p\000r\000o\000f\000i\000l\000s\000\040\000I\000A}{section.0.5}% 24
\BOOKMARK [2][-]{subsection.0.5.3}{\376\377\000I\000n\000t\000\351\000g\000r\000a\000t\000i\000o\000n\000\040\000d\000e\000s\000\040\000d\000e\000u\000x\000\040\000s\000y\000s\000t\000\350\000m\000e\000s}{section.0.5}% 25
\BOOKMARK [1][-]{section.0.6}{\376\377\000P\000l\000a\000n\000i\000f\000i\000c\000a\000t\000i\000o\000n\000\040\000e\000t\000\040\000m\000\351\000t\000h\000o\000d\000o\000l\000o\000g\000i\000e}{chapter*.8}% 26
\BOOKMARK [2][-]{subsection.0.6.1}{\376\377\000A\000p\000p\000r\000o\000c\000h\000e\000\040\000m\000\351\000t\000h\000o\000d\000o\000l\000o\000g\000i\000q\000u\000e}{section.0.6}% 27
\BOOKMARK [2][-]{subsection.0.6.2}{\376\377\000P\000l\000a\000n\000n\000i\000n\000g\000\040\000p\000r\000\351\000v\000i\000s\000i\000o\000n\000n\000e\000l}{section.0.6}% 28
\BOOKMARK [2][-]{subsection.0.6.3}{\376\377\000R\000\351\000p\000a\000r\000t\000i\000t\000i\000o\000n\000\040\000d\000e\000s\000\040\000t\000\342\000c\000h\000e\000s}{section.0.6}% 29
\BOOKMARK [1][-]{section.0.7}{\376\377\000C\000o\000n\000c\000l\000u\000s\000i\000o\000n\000\040\000d\000u\000\040\000c\000a\000h\000i\000e\000r\000\040\000d\000e\000s\000\040\000c\000h\000a\000r\000g\000e\000s}{chapter*.8}% 30
\BOOKMARK [0][-]{chapter*.9}{\376\377\000C\000h\000a\000p\000i\000t\000r\000e\000\040\0002\000\040\000:\000\040\000A\000r\000c\000h\000i\000t\000e\000c\000t\000u\000r\000e\000\040\000e\000t\000\040\000c\000o\000n\000c\000e\000p\000t\000i\000o\000n\000\040\000d\000u\000\040\000s\000y\000s\000t\000\350\000m\000e}{}% 31
\BOOKMARK [1][-]{section.0.1}{\376\377\000A\000p\000p\000r\000o\000c\000h\000e\000\040\000a\000r\000c\000h\000i\000t\000e\000c\000t\000u\000r\000a\000l\000e\000\040\000g\000l\000o\000b\000a\000l\000e}{chapter*.9}% 32
\BOOKMARK [2][-]{subsection.0.1.1}{\376\377\000V\000i\000s\000i\000o\000n\000\040\000a\000r\000c\000h\000i\000t\000e\000c\000t\000u\000r\000a\000l\000e}{section.0.1}% 33
\BOOKMARK [2][-]{subsection.0.1.2}{\376\377\000A\000r\000c\000h\000i\000t\000e\000c\000t\000u\000r\000e\000\040\000d\000u\000\040\000s\000y\000s\000t\000\350\000m\000e\000\040\000d\000e\000\040\000g\000e\000s\000t\000i\000o\000n\000\040\000s\000c\000o\000l\000a\000i\000r\000e}{section.0.1}% 34
\BOOKMARK [2][-]{subsection.0.1.3}{\376\377\000A\000r\000c\000h\000i\000t\000e\000c\000t\000u\000r\000e\000\040\000d\000u\000\040\000s\000y\000s\000t\000\350\000m\000e\000\040\000d\000e\000\040\000c\000r\000\351\000a\000t\000i\000o\000n\000\040\000d\000e\000\040\000p\000r\000o\000f\000i\000l\000s\000\040\000I\000A}{section.0.1}% 35
\BOOKMARK [1][-]{section.0.2}{\376\377\000C\000o\000n\000c\000e\000p\000t\000i\000o\000n\000\040\000d\000\351\000t\000a\000i\000l\000l\000\351\000e\000\040\000d\000u\000\040\000s\000y\000s\000t\000\350\000m\000e\000\040\000d\000e\000\040\000g\000e\000s\000t\000i\000o\000n\000\040\000s\000c\000o\000l\000a\000i\000r\000e}{chapter*.9}% 36
\BOOKMARK [2][-]{subsection.0.2.1}{\376\377\000M\000o\000d\000\350\000l\000e\000\040\000d\000e\000\040\000d\000o\000n\000n\000\351\000e\000s}{section.0.2}% 37
\BOOKMARK [2][-]{subsection.0.2.2}{\376\377\000D\000i\000a\000g\000r\000a\000m\000m\000e\000\040\000d\000e\000\040\000c\000l\000a\000s\000s\000e\000s}{section.0.2}% 38
\BOOKMARK [2][-]{subsection.0.2.3}{\376\377\000A\000r\000c\000h\000i\000t\000e\000c\000t\000u\000r\000e\000\040\000f\000r\000o\000n\000t\000e\000n\000d}{section.0.2}% 39
\BOOKMARK [2][-]{subsection.0.2.4}{\376\377\000A\000r\000c\000h\000i\000t\000e\000c\000t\000u\000r\000e\000\040\000b\000a\000c\000k\000e\000n\000d}{section.0.2}% 40
\BOOKMARK [2][-]{subsection.0.2.5}{\376\377\000F\000l\000u\000x\000\040\000d\000e\000\040\000t\000r\000a\000v\000a\000i\000l\000\040\000p\000r\000i\000n\000c\000i\000p\000a\000u\000x}{section.0.2}% 41
\BOOKMARK [2][-]{subsection.0.2.6}{\376\377\000C\000a\000s\000\040\000d\000'\000u\000t\000i\000l\000i\000s\000a\000t\000i\000o\000n}{section.0.2}% 42
\BOOKMARK [1][-]{section.0.3}{\376\377\000C\000o\000n\000c\000e\000p\000t\000i\000o\000n\000\040\000d\000\351\000t\000a\000i\000l\000l\000\351\000e\000\040\000d\000u\000\040\000s\000y\000s\000t\000\350\000m\000e\000\040\000d\000e\000\040\000c\000r\000\351\000a\000t\000i\000o\000n\000\040\000d\000e\000\040\000p\000r\000o\000f\000i\000l\000s\000\040\000I\000A}{chapter*.9}% 43
\BOOKMARK [2][-]{subsection.0.3.1}{\376\377\000A\000r\000c\000h\000i\000t\000e\000c\000t\000u\000r\000e\000\040\000d\000e\000s\000\040\000c\000o\000m\000p\000o\000s\000a\000n\000t\000s}{section.0.3}% 44
\BOOKMARK [2][-]{subsection.0.3.2}{\376\377\000P\000i\000p\000e\000l\000i\000n\000e\000\040\000d\000e\000\040\000t\000r\000a\000i\000t\000e\000m\000e\000n\000t\000\040\000d\000e\000s\000\040\000d\000o\000c\000u\000m\000e\000n\000t\000s}{section.0.3}% 45
\BOOKMARK [2][-]{subsection.0.3.3}{\376\377\000M\000o\000d\000\350\000l\000e\000\040\000d\000e\000\040\000d\000o\000n\000n\000\351\000e\000s}{section.0.3}% 46
\BOOKMARK [2][-]{subsection.0.3.4}{\376\377\000F\000l\000u\000x\000\040\000d\000e\000\040\000t\000r\000a\000i\000t\000e\000m\000e\000n\000t\000\040\000d\000e\000s\000\040\000r\000e\000q\000u\000\352\000t\000e\000s}{section.0.3}% 47
\BOOKMARK [2][-]{subsection.0.3.5}{\376\377\000I\000n\000t\000\351\000g\000r\000a\000t\000i\000o\000n\000\040\000a\000v\000e\000c\000\040\000l\000e\000s\000\040\000s\000e\000r\000v\000i\000c\000e\000s\000\040\000e\000x\000t\000e\000r\000n\000e\000s}{section.0.3}% 48
\BOOKMARK [1][-]{section.0.4}{\376\377\000I\000n\000t\000\351\000g\000r\000a\000t\000i\000o\000n\000\040\000d\000e\000s\000\040\000d\000e\000u\000x\000\040\000s\000y\000s\000t\000\350\000m\000e\000s}{chapter*.9}% 49
\BOOKMARK [2][-]{subsection.0.4.1}{\376\377\000P\000o\000i\000n\000t\000s\000\040\000d\000'\000i\000n\000t\000\351\000g\000r\000a\000t\000i\000o\000n}{section.0.4}% 50
\BOOKMARK [2][-]{subsection.0.4.2}{\376\377\000A\000r\000c\000h\000i\000t\000e\000c\000t\000u\000r\000e\000\040\000d\000'\000i\000n\000t\000\351\000g\000r\000a\000t\000i\000o\000n}{section.0.4}% 51
\BOOKMARK [1][-]{section.0.5}{\376\377\000C\000o\000n\000s\000i\000d\000\351\000r\000a\000t\000i\000o\000n\000s\000\040\000d\000e\000\040\000s\000\351\000c\000u\000r\000i\000t\000\351\000\040\000e\000t\000\040\000p\000e\000r\000f\000o\000r\000m\000a\000n\000c\000e}{chapter*.9}% 52
\BOOKMARK [2][-]{subsection.0.5.1}{\376\377\000S\000t\000r\000a\000t\000\351\000g\000i\000e\000\040\000d\000e\000\040\000s\000\351\000c\000u\000r\000i\000t\000\351}{section.0.5}% 53
\BOOKMARK [2][-]{subsection.0.5.2}{\376\377\000O\000p\000t\000i\000m\000i\000s\000a\000t\000i\000o\000n\000\040\000d\000e\000s\000\040\000p\000e\000r\000f\000o\000r\000m\000a\000n\000c\000e\000s}{section.0.5}% 54
\BOOKMARK [2][-]{subsection.0.5.3}{\376\377\000S\000t\000r\000a\000t\000\351\000g\000i\000e\000\040\000d\000e\000\040\000d\000\351\000p\000l\000o\000i\000e\000m\000e\000n\000t}{section.0.5}% 55
\BOOKMARK [1][-]{section.0.6}{\376\377\000C\000o\000n\000c\000l\000u\000s\000i\000o\000n\000\040\000d\000e\000\040\000l\000a\000\040\000c\000o\000n\000c\000e\000p\000t\000i\000o\000n}{chapter*.9}% 56
\BOOKMARK [0][-]{chapter*.10}{\376\377\000C\000h\000a\000p\000i\000t\000r\000e\000\040\0003\000\040\000:\000\040\000R\000\351\000a\000l\000i\000s\000a\000t\000i\000o\000n\000\040\000e\000t\000\040\000m\000i\000s\000e\000\040\000e\000n\000\040\001\123\000u\000v\000r\000e\000\040\000d\000e\000s\000\040\000s\000y\000s\000t\000\350\000m\000e\000s}{}% 57
\BOOKMARK [1][-]{section.0.1}{\376\377\000O\000u\000t\000i\000l\000s\000\040\000e\000t\000\040\000t\000e\000c\000h\000n\000o\000l\000o\000g\000i\000e\000s\000\040\000d\000e\000\040\000d\000\351\000v\000e\000l\000o\000p\000p\000e\000m\000e\000n\000t}{chapter*.10}% 58
\BOOKMARK [2][-]{subsection.0.1.1}{\376\377\000E\000n\000v\000i\000r\000o\000n\000n\000e\000m\000e\000n\000t\000\040\000d\000e\000\040\000d\000\351\000v\000e\000l\000o\000p\000p\000e\000m\000e\000n\000t}{section.0.1}% 59
\BOOKMARK [2][-]{subsection.0.1.2}{\376\377\000T\000e\000c\000h\000n\000o\000l\000o\000g\000i\000e\000s\000\040\000f\000r\000o\000n\000t\000e\000n\000d}{section.0.1}% 60
\BOOKMARK [2][-]{subsection.0.1.3}{\376\377\000T\000e\000c\000h\000n\000o\000l\000o\000g\000i\000e\000s\000\040\000b\000a\000c\000k\000e\000n\000d}{section.0.1}% 61
\BOOKMARK [2][-]{subsection.0.1.4}{\376\377\000O\000u\000t\000i\000l\000s\000\040\000d\000e\000\040\000d\000\351\000p\000l\000o\000i\000e\000m\000e\000n\000t\000\040\000e\000t\000\040\000d\000'\000i\000n\000t\000\351\000g\000r\000a\000t\000i\000o\000n\000\040\000c\000o\000n\000t\000i\000n\000u\000e}{section.0.1}% 62
\BOOKMARK [1][-]{section.0.2}{\376\377\000D\000\351\000v\000e\000l\000o\000p\000p\000e\000m\000e\000n\000t\000\040\000d\000u\000\040\000s\000y\000s\000t\000\350\000m\000e\000\040\000d\000e\000\040\000g\000e\000s\000t\000i\000o\000n\000\040\000s\000c\000o\000l\000a\000i\000r\000e}{chapter*.10}% 63
\BOOKMARK [2][-]{subsection.0.2.1}{\376\377\000I\000m\000p\000l\000\351\000m\000e\000n\000t\000a\000t\000i\000o\000n\000\040\000d\000u\000\040\000b\000a\000c\000k\000e\000n\000d}{section.0.2}% 64
\BOOKMARK [2][-]{subsection.0.2.2}{\376\377\000D\000\351\000v\000e\000l\000o\000p\000p\000e\000m\000e\000n\000t\000\040\000d\000e\000s\000\040\000i\000n\000t\000e\000r\000f\000a\000c\000e\000s\000\040\000w\000e\000b}{section.0.2}% 65
\BOOKMARK [2][-]{subsection.0.2.3}{\376\377\000D\000\351\000v\000e\000l\000o\000p\000p\000e\000m\000e\000n\000t\000\040\000d\000e\000s\000\040\000a\000p\000p\000l\000i\000c\000a\000t\000i\000o\000n\000s\000\040\000m\000o\000b\000i\000l\000e\000s}{section.0.2}% 66
\BOOKMARK [1][-]{section.0.3}{\376\377\000D\000\351\000v\000e\000l\000o\000p\000p\000e\000m\000e\000n\000t\000\040\000d\000u\000\040\000s\000y\000s\000t\000\350\000m\000e\000\040\000d\000e\000\040\000c\000r\000\351\000a\000t\000i\000o\000n\000\040\000d\000e\000\040\000p\000r\000o\000f\000i\000l\000s\000\040\000I\000A}{chapter*.10}% 67
\BOOKMARK [2][-]{subsection.0.3.1}{\376\377\000I\000m\000p\000l\000\351\000m\000e\000n\000t\000a\000t\000i\000o\000n\000\040\000d\000u\000\040\000b\000a\000c\000k\000e\000n\000d}{section.0.3}% 68
\BOOKMARK [2][-]{subsection.0.3.2}{\376\377\000D\000\351\000v\000e\000l\000o\000p\000p\000e\000m\000e\000n\000t\000\040\000d\000e\000\040\000l\000'\000i\000n\000t\000e\000r\000f\000a\000c\000e\000\040\000u\000t\000i\000l\000i\000s\000a\000t\000e\000u\000r}{section.0.3}% 69
\BOOKMARK [2][-]{subsection.0.3.3}{\376\377\000P\000i\000p\000e\000l\000i\000n\000e\000\040\000d\000e\000\040\000t\000r\000a\000i\000t\000e\000m\000e\000n\000t\000\040\000d\000e\000s\000\040\000d\000o\000c\000u\000m\000e\000n\000t\000s}{section.0.3}% 70
\BOOKMARK [1][-]{section.0.4}{\376\377\000I\000n\000t\000\351\000g\000r\000a\000t\000i\000o\000n\000\040\000e\000t\000\040\000t\000e\000s\000t\000s}{chapter*.10}% 71
\BOOKMARK [2][-]{subsection.0.4.1}{\376\377\000S\000t\000r\000a\000t\000\351\000g\000i\000e\000\040\000d\000'\000i\000n\000t\000\351\000g\000r\000a\000t\000i\000o\000n}{section.0.4}% 72
\BOOKMARK [2][-]{subsection.0.4.2}{\376\377\000T\000e\000s\000t\000s\000\040\000e\000t\000\040\000v\000a\000l\000i\000d\000a\000t\000i\000o\000n}{section.0.4}% 73
\BOOKMARK [1][-]{section.0.5}{\376\377\000D\000\351\000p\000l\000o\000i\000e\000m\000e\000n\000t\000\040\000e\000t\000\040\000m\000i\000s\000e\000\040\000e\000n\000\040\000p\000r\000o\000d\000u\000c\000t\000i\000o\000n}{chapter*.10}% 74
\BOOKMARK [2][-]{subsection.0.5.1}{\376\377\000C\000o\000n\000f\000i\000g\000u\000r\000a\000t\000i\000o\000n\000\040\000d\000e\000\040\000l\000'\000e\000n\000v\000i\000r\000o\000n\000n\000e\000m\000e\000n\000t\000\040\000d\000e\000\040\000p\000r\000o\000d\000u\000c\000t\000i\000o\000n}{section.0.5}% 75
\BOOKMARK [2][-]{subsection.0.5.2}{\376\377\000S\000t\000r\000a\000t\000\351\000g\000i\000e\000\040\000d\000e\000\040\000d\000\351\000p\000l\000o\000i\000e\000m\000e\000n\000t}{section.0.5}% 76
\BOOKMARK [1][-]{section.0.6}{\376\377\000D\000\351\000f\000i\000s\000\040\000r\000e\000n\000c\000o\000n\000t\000r\000\351\000s\000\040\000e\000t\000\040\000s\000o\000l\000u\000t\000i\000o\000n\000s\000\040\000a\000p\000p\000o\000r\000t\000\351\000e\000s}{chapter*.10}% 77
\BOOKMARK [2][-]{subsection.0.6.1}{\376\377\000D\000\351\000f\000i\000s\000\040\000t\000e\000c\000h\000n\000i\000q\000u\000e\000s}{section.0.6}% 78
\BOOKMARK [2][-]{subsection.0.6.2}{\376\377\000S\000o\000l\000u\000t\000i\000o\000n\000s\000\040\000e\000t\000\040\000o\000p\000t\000i\000m\000i\000s\000a\000t\000i\000o\000n\000s}{section.0.6}% 79
\BOOKMARK [1][-]{section.0.7}{\376\377\000P\000a\000g\000e\000s\000\040\000d\000'\000a\000c\000c\000u\000e\000i\000l\000\040\000e\000t\000\040\000d\000e\000\040\000p\000r\000\351\000s\000e\000n\000t\000a\000t\000i\000o\000n}{chapter*.10}% 80
\BOOKMARK [2][-]{subsection.0.7.1}{\376\377\000P\000a\000g\000e\000\040\000d\000'\000a\000c\000c\000u\000e\000i\000l\000\040\000d\000u\000\040\000s\000y\000s\000t\000\350\000m\000e\000\040\000d\000e\000\040\000g\000e\000s\000t\000i\000o\000n\000\040\000s\000c\000o\000l\000a\000i\000r\000e}{section.0.7}% 81
\BOOKMARK [2][-]{subsection.0.7.2}{\376\377\000P\000a\000g\000e\000s\000\040\000d\000e\000\040\000p\000r\000\351\000s\000e\000n\000t\000a\000t\000i\000o\000n\000\040\000d\000u\000\040\000s\000y\000s\000t\000\350\000m\000e\000\040\000d\000e\000\040\000g\000e\000s\000t\000i\000o\000n\000\040\000s\000c\000o\000l\000a\000i\000r\000e}{section.0.7}% 82
\BOOKMARK [1][-]{section.0.8}{\376\377\000E\000n\000v\000i\000r\000o\000n\000n\000e\000m\000e\000n\000t\000\040\000d\000e\000\040\000d\000\351\000v\000e\000l\000o\000p\000p\000e\000m\000e\000n\000t\000\040\000p\000e\000r\000s\000o\000n\000n\000e\000l}{chapter*.10}% 83
\BOOKMARK [2][-]{subsection.0.8.1}{\376\377\000S\000y\000s\000t\000\350\000m\000e\000\040\000d\000'\000e\000x\000p\000l\000o\000i\000t\000a\000t\000i\000o\000n\000\040\000e\000t\000\040\000o\000u\000t\000i\000l\000s\000\040\000p\000r\000i\000n\000c\000i\000p\000a\000u\000x}{section.0.8}% 84
\BOOKMARK [2][-]{subsection.0.8.2}{\376\377\000E\000n\000v\000i\000r\000o\000n\000n\000e\000m\000e\000n\000t\000\040\000d\000e\000\040\000b\000a\000s\000e\000\040\000d\000e\000\040\000d\000o\000n\000n\000\351\000e\000s}{section.0.8}% 85
\BOOKMARK [2][-]{subsection.0.8.3}{\376\377\000O\000u\000t\000i\000l\000s\000\040\000d\000e\000\040\000d\000\351\000v\000e\000l\000o\000p\000p\000e\000m\000e\000n\000t\000\040\000f\000r\000o\000n\000t\000e\000n\000d}{section.0.8}% 86
\BOOKMARK [2][-]{subsection.0.8.4}{\376\377\000O\000u\000t\000i\000l\000s\000\040\000d\000e\000\040\000d\000\351\000v\000e\000l\000o\000p\000p\000e\000m\000e\000n\000t\000\040\000b\000a\000c\000k\000e\000n\000d}{section.0.8}% 87
\BOOKMARK [1][-]{section.0.9}{\376\377\000G\000l\000o\000s\000s\000a\000i\000r\000e\000\040\000d\000e\000s\000\040\000a\000b\000r\000\351\000v\000i\000a\000t\000i\000o\000n\000s}{chapter*.10}% 88
\BOOKMARK [0][-]{chapter*.11}{\376\377\000C\000o\000n\000c\000l\000u\000s\000i\000o\000n\000\040\000e\000t\000\040\000P\000e\000r\000s\000p\000e\000c\000t\000i\000v\000e\000s}{}% 89
\BOOKMARK [1][-]{section.0.1}{\376\377\000B\000i\000l\000a\000n\000\040\000d\000u\000\040\000p\000r\000o\000j\000e\000t}{chapter*.11}% 90
\BOOKMARK [1][-]{section.0.2}{\376\377\000C\000o\000m\000p\000\351\000t\000e\000n\000c\000e\000s\000\040\000a\000c\000q\000u\000i\000s\000e\000s}{chapter*.11}% 91
\BOOKMARK [1][-]{section.0.3}{\376\377\000P\000e\000r\000s\000p\000e\000c\000t\000i\000v\000e\000s\000\040\000d\000'\000\351\000v\000o\000l\000u\000t\000i\000o\000n}{chapter*.11}% 92
\BOOKMARK [1][-]{section.0.4}{\376\377\000M\000o\000t\000\040\000d\000e\000\040\000f\000i\000n}{chapter*.11}% 93
\BOOKMARK [0][-]{chapter*.12}{\376\377\000B\000i\000b\000l\000i\000o\000g\000r\000a\000p\000h\000i\000e}{}% 94
